\BOOKMARK [0][]{chapter*.2}{\376\377\000A\000b\000s\000t\000r\000a\000c\000t}{}% 1
\BOOKMARK [0][]{section*.3}{\376\377\000I\000n\000h\000a\000l\000t\000s\000v\000e\000r\000z\000e\000i\000c\000h\000n\000i\000s}{}% 2
\BOOKMARK [0][]{section*.4}{\376\377\000A\000b\000b\000i\000l\000d\000u\000n\000g\000s\000v\000e\000r\000z\000e\000i\000c\000h\000n\000i\000s}{}% 3
\BOOKMARK [0][]{chapter*.5}{\376\377\000A\000b\000k\000\374\000r\000z\000u\000n\000g\000s\000v\000e\000r\000z\000e\000i\000c\000h\000n\000i\000s}{}% 4
\BOOKMARK [0][]{chapter.1}{\376\377\0001\000\040\000E\000i\000n\000l\000e\000i\000t\000u\000n\000g}{}% 5
\BOOKMARK [1][]{section.1.1}{\376\377\0001\000.\0001\000\040\000P\000r\000o\000b\000l\000e\000m\000s\000t\000e\000l\000l\000u\000n\000g}{chapter.1}% 6
\BOOKMARK [1][]{section.1.2}{\376\377\0001\000.\0002\000\040\000Z\000i\000e\000l\000\040\000d\000e\000r\000\040\000A\000r\000b\000e\000i\000t}{chapter.1}% 7
\BOOKMARK [0][]{chapter.2}{\376\377\0002\000\040\000V\000o\000r\000g\000e\000h\000e\000n}{}% 8
\BOOKMARK [1][]{section.2.1}{\376\377\0002\000.\0001\000\040\000V\000e\000r\000s\000i\000o\000n\000s\000v\000e\000r\000w\000a\000l\000t\000u\000n\000g}{chapter.2}% 9
\BOOKMARK [1][]{section.2.2}{\376\377\0002\000.\0002\000\040\000S\000c\000r\000u\000m}{chapter.2}% 10
\BOOKMARK [2][]{subsection.2.2.1}{\376\377\0002\000.\0002\000.\0001\000\040\000S\000c\000r\000u\000m\000\040\000a\000l\000s\000\040\000E\000i\000n\000z\000e\000l\000p\000e\000r\000s\000o\000n}{section.2.2}% 11
\BOOKMARK [0][]{chapter.3}{\376\377\0003\000\040\000K\000o\000n\000z\000e\000p\000t\000i\000o\000n}{}% 12
\BOOKMARK [1][]{section.3.1}{\376\377\0003\000.\0001\000\040\000A\000n\000a\000l\000y\000s\000e\000\040\000d\000e\000s\000\040\000a\000k\000t\000u\000e\000l\000l\000e\000n\000\040\000W\000e\000b\000a\000u\000f\000t\000r\000i\000t\000t\000s}{chapter.3}% 13
\BOOKMARK [2][]{subsection.3.1.1}{\376\377\0003\000.\0001\000.\0001\000\040\000C\000o\000r\000p\000o\000r\000a\000t\000e\000\040\000D\000e\000s\000i\000g\000n}{section.3.1}% 14
\BOOKMARK [2][]{subsection.3.1.2}{\376\377\0003\000.\0001\000.\0002\000\040\000E\000r\000w\000e\000i\000t\000e\000r\000u\000n\000g\000\040\000d\000e\000s\000\040\000W\000e\000b\000a\000u\000f\000t\000r\000i\000t\000t\000s}{section.3.1}% 15
\BOOKMARK [1][]{section.3.2}{\376\377\0003\000.\0002\000\040\000K\000o\000n\000z\000e\000p\000t\000i\000o\000n\000\040\000d\000e\000s\000\040\000I\000n\000v\000e\000n\000t\000a\000r\000i\000s\000i\000e\000r\000u\000n\000g\000s\000s\000y\000s\000t\000e\000m}{chapter.3}% 16
\BOOKMARK [1][]{section.3.3}{\376\377\0003\000.\0003\000\040\000V\000e\000r\000g\000l\000e\000i\000c\000h\000b\000a\000r\000e\000\040\000I\000n\000v\000e\000n\000t\000a\000r\000i\000s\000i\000e\000r\000u\000n\000g\000s\000s\000y\000s\000t\000e\000m\000e}{chapter.3}% 17
\BOOKMARK [2][]{subsection.3.3.1}{\376\377\0003\000.\0003\000.\0001\000\040\000M\000a\000g\000e\000n\000t\000o}{section.3.3}% 18
\BOOKMARK [2][]{subsection.3.3.2}{\376\377\0003\000.\0003\000.\0002\000\040\000W\000o\000o\000C\000o\000m\000e\000r\000c\000e}{section.3.3}% 19
\BOOKMARK [2][]{subsection.3.3.3}{\376\377\0003\000.\0003\000.\0003\000\040\000E\000n\000t\000s\000c\000h\000e\000i\000d\000u\000n\000g\000\040\000z\000u\000r\000\040\000e\000i\000g\000e\000n\000e\000n\000\040\000A\000n\000w\000e\000n\000d\000u\000n\000g}{section.3.3}% 20
\BOOKMARK [1][]{section.3.4}{\376\377\0003\000.\0004\000\040\000A\000n\000f\000o\000r\000d\000e\000r\000u\000n\000g\000e\000n}{chapter.3}% 21
\BOOKMARK [1][]{section.3.5}{\376\377\0003\000.\0005\000\040\000D\000a\000t\000e\000n\000b\000a\000n\000k}{chapter.3}% 22
\BOOKMARK [1][]{section.3.6}{\376\377\0003\000.\0006\000\040\000M\000o\000c\000k\000U\000p\000s}{chapter.3}% 23
\BOOKMARK [1][]{section.3.7}{\376\377\0003\000.\0007\000\040\000U\000s\000e\000r\000\040\000E\000x\000p\000e\000r\000i\000e\000n\000c\000e}{chapter.3}% 24
\BOOKMARK [1][]{section.3.8}{\376\377\0003\000.\0008\000\040\000F\000r\000a\000m\000e\000w\000o\000r\000k\000s}{chapter.3}% 25
\BOOKMARK [1][]{section.3.9}{\376\377\0003\000.\0009\000\040\000W\000a\000h\000l\000\040\000d\000e\000r\000\040\000F\000r\000a\000m\000e\000w\000o\000r\000k\000s}{chapter.3}% 26
\BOOKMARK [0][]{chapter.4}{\376\377\0004\000\040\000U\000m\000s\000e\000t\000z\000u\000n\000g}{}% 27
\BOOKMARK [1][]{section.4.1}{\376\377\0004\000.\0001\000\040\000A\000u\000f\000b\000a\000u\000\040\000e\000i\000n\000e\000r\000\040\000T\000e\000s\000t\000u\000m\000g\000e\000b\000u\000n\000g}{chapter.4}% 28
\BOOKMARK [2][]{subsection.4.1.1}{\376\377\0004\000.\0001\000.\0001\000\040\000I\000n\000t\000e\000g\000r\000a\000t\000i\000o\000n\000\040\000i\000n\000\040\000d\000a\000s\000\040\000N\000e\000t\000z\000w\000e\000r\000k}{section.4.1}% 29
\BOOKMARK [2][]{subsection.4.1.2}{\376\377\0004\000.\0001\000.\0002\000\040\000M\000y\000S\000Q\000L}{section.4.1}% 30
\BOOKMARK [2][]{subsection.4.1.3}{\376\377\0004\000.\0001\000.\0003\000\040\000N\000g\000i\000n\000x}{section.4.1}% 31
\BOOKMARK [1][]{section.4.2}{\376\377\0004\000.\0002\000\040\000X\000A\000M\000P\000P}{chapter.4}% 32
\BOOKMARK [1][]{section.4.3}{\376\377\0004\000.\0003\000\040\000A\000u\000s\000t\000a\000u\000s\000c\000h\000\040\000v\000o\000n\000\040\000D\000a\000t\000e\000n}{chapter.4}% 33
\BOOKMARK [1][]{section.4.4}{\376\377\0004\000.\0004\000\040\000F\000r\000o\000n\000t\000e\000n\000d}{chapter.4}% 34
\BOOKMARK [2][]{subsection.4.4.1}{\376\377\0004\000.\0004\000.\0001\000\040\000I\000n\000s\000t\000a\000l\000l\000a\000t\000i\000o\000n\000\040\000v\000o\000n\000\040\000A\000n\000g\000u\000l\000a\000r}{section.4.4}% 35
\BOOKMARK [2][]{subsection.4.4.2}{\376\377\0004\000.\0004\000.\0002\000\040\000C\000o\000m\000m\000a\000n\000d\000l\000i\000n\000e\000i\000n\000t\000e\000r\000f\000a\000c\000e\000\040\000v\000o\000n\000\040\000A\000n\000g\000u\000l\000a\000r}{section.4.4}% 36
\BOOKMARK [2][]{subsection.4.4.3}{\376\377\0004\000.\0004\000.\0003\000\040\000T\000y\000p\000e\000S\000c\000r\000i\000p\000t}{section.4.4}% 37
\BOOKMARK [2][]{subsection.4.4.4}{\376\377\0004\000.\0004\000.\0004\000\040\000M\000o\000d\000u\000l\000e}{section.4.4}% 38
\BOOKMARK [2][]{subsection.4.4.5}{\376\377\0004\000.\0004\000.\0005\000\040\000C\000o\000m\000p\000o\000n\000e\000n\000t\000s}{section.4.4}% 39
\BOOKMARK [2][]{subsection.4.4.6}{\376\377\0004\000.\0004\000.\0006\000\040\000S\000e\000r\000v\000i\000c\000e\000s}{section.4.4}% 40
\BOOKMARK [2][]{subsection.4.4.7}{\376\377\0004\000.\0004\000.\0007\000\040\000D\000i\000r\000e\000k\000t\000i\000v\000e\000n}{section.4.4}% 41
\BOOKMARK [1][]{section.4.5}{\376\377\0004\000.\0005\000\040\000B\000a\000c\000k\000e\000n\000d}{chapter.4}% 42
\BOOKMARK [2][]{subsection.4.5.1}{\376\377\0004\000.\0005\000.\0001\000\040\000L\000a\000r\000a\000v\000e\000l}{section.4.5}% 43
\BOOKMARK [2][]{subsection.4.5.2}{\376\377\0004\000.\0005\000.\0002\000\040\000I\000n\000s\000t\000a\000l\000l\000a\000t\000i\000o\000n\000\040\000v\000o\000n\000\040\000L\000a\000r\000a\000v\000e\000l}{section.4.5}% 44
\BOOKMARK [2][]{subsection.4.5.3}{\376\377\0004\000.\0005\000.\0003\000\040\000C\000o\000n\000t\000r\000o\000l\000l\000e\000r}{section.4.5}% 45
\BOOKMARK [2][]{subsection.4.5.4}{\376\377\0004\000.\0005\000.\0004\000\040\000R\000E\000S\000T}{section.4.5}% 46
\BOOKMARK [1][]{section.4.6}{\376\377\0004\000.\0006\000\040\000S\000e\000c\000u\000r\000i\000t\000y}{chapter.4}% 47
\BOOKMARK [2][]{subsection.4.6.1}{\376\377\0004\000.\0006\000.\0001\000\040\000C\000O\000R\000S}{section.4.6}% 48
\BOOKMARK [2][]{subsection.4.6.2}{\376\377\0004\000.\0006\000.\0002\000\040\000T\000o\000k\000e\000n}{section.4.6}% 49
\BOOKMARK [2][]{subsection.4.6.3}{\376\377\0004\000.\0006\000.\0003\000\040\000S\000a\000l\000t}{section.4.6}% 50
\BOOKMARK [1][]{section.4.7}{\376\377\0004\000.\0007\000\040\000D\000e\000p\000l\000o\000y}{chapter.4}% 51
\BOOKMARK [0][]{chapter.5}{\376\377\0005\000\040\000A\000n\000w\000e\000n\000d\000u\000n\000g}{}% 52
\BOOKMARK [1][]{section.5.1}{\376\377\0005\000.\0001\000\040\000R\000o\000u\000t\000i\000n\000g\000\040\000S\000t\000r\000a\000t\000e\000g\000i\000e}{chapter.5}% 53
\BOOKMARK [1][]{section.5.2}{\376\377\0005\000.\0002\000\040\000E\000-\000M\000a\000i\000l\000\040\000R\000e\000m\000i\000n\000d\000e\000r}{chapter.5}% 54
\BOOKMARK [0][]{chapter.6}{\376\377\0006\000\040\000D\000i\000s\000k\000u\000s\000s\000i\000o\000n\000\040\000d\000e\000r\000\040\000E\000r\000g\000e\000b\000n\000i\000s\000s\000e}{}% 55
\BOOKMARK [1][]{section.6.1}{\376\377\0006\000.\0001\000\040\000F\000a\000z\000i\000t}{chapter.6}% 56
\BOOKMARK [1][]{section.6.2}{\376\377\0006\000.\0002\000\040\000A\000u\000s\000b\000l\000i\000c\000k}{chapter.6}% 57
\BOOKMARK [0][]{chapter*.49}{\376\377\000L\000i\000t\000e\000r\000a\000t\000u\000r}{}% 58
\BOOKMARK [0][]{chapter*.50}{\376\377\000E\000i\000d\000e\000s\000s\000t\000a\000t\000t\000l\000i\000c\000h\000e\000\040\000E\000r\000k\000l\000\344\000r\000u\000n\000g}{}% 59
