This is LuaTeX, Version 1.07.0 (MiKTeX 2.9.6630 64-bit)  (format=lualatex 2018.7.31)  31 JUL 2018 17:15
 restricted system commands enabled.
**c2.tex
(./c2.tex
LaTeX2e <2017-04-15>
Lua module: luaotfload-main 2017/01/29 2.80001 OpenType layout system.
Lua module: lualibs 2017-02-01 2.5 ConTeXt Lua standard libraries.
Lua module: lualibs-extended 2017-02-01 2.5 ConTeXt Lua libraries -- extended co
llection.(using cache: C:/Users/Helge/AppData/Local/MiKTeX/2.9/luatex-cache/gene
ric)
luaotfload | conf : Root cache directory is C:/Users/Helge/AppData/Local/MiKTeX/
2.9/luatex-cache/generic/names.
luaotfload | init : Loading fontloader “fontloader-2017-02-11.lua” from kpse
-resolved path “C:/Users/Helge/AppData/Local/Programs/MiKTeX 2.9/tex/luatex/lu
aotfload/fontloader-2017-02-11.lua”.
Lua-only attribute luaotfload@state = 1
Lua-only attribute luaotfload@noligature = 2
Lua-only attribute luaotfload@syllabe = 3
luaotfload | init : Context OpenType loader version “3.027”
Inserting `luaotfload.node_processor' at position 1 in `pre_linebreak_filter'.
Inserting `luaotfload.node_processor' at position 1 in `hpack_filter'.
Inserting `luaotfload.define_font' at position 1 in `define_font'.
Lua-only attribute luaotfload_color_attribute = 4
luaotfload | conf : Root cache directory is C:/Users/Helge/AppData/Local/MiKTeX/
2.9/luatex-cache/generic/names.
Inserting `luaotfload.aux.set_sscale_dimens' at position 1 in `luaotfload.patch_
font'.
Inserting `luaotfload.aux.patch_cambria_domh' at position 2 in `luaotfload.patch
_font'.
Inserting `luaotfload.aux.fixup_fontdata' at position 1 in `luaotfload.patch_fon
t_unsafe'.
Inserting `luaotfload.aux.set_capheight' at position 3 in `luaotfload.patch_font
'.
Inserting `luaotfload.rewrite_fontname' at position 4 in `luaotfload.patch_font'
.
luaotfload | main : initialization completed in 0.586 seconds
Babel <3.18> and hyphenation patterns for 1 language(s) loaded.
! Undefined control sequence.
l.1 \chapter
          {Vorgehen}
The control sequence at the end of the top line
of your error message was never \def'ed. If you have
misspelled it (e.g., `\hobx'), type `I' and the correct
spelling (e.g., `I\hbox'). Otherwise just continue,
and I'll forget about whatever was undefined.


! LaTeX Error: Missing \begin{document}.

See the LaTeX manual or LaTeX Companion for explanation.
Type  H <return>  for immediate help.
 ...                                              
                                                  
l.1 \chapter{V
            orgehen}
You're in trouble here.  Try typing  <return>  to proceed.
If that doesn't work, type  X <return>  to quit.


Overfull \hbox (20.0pt too wide) in paragraph at lines 1--3
[]Vorgehen
 []

! Undefined control sequence.
l.6 \section
          {Anforderungen}
The control sequence at the end of the top line
of your error message was never \def'ed. If you have
misspelled it (e.g., `\hobx'), type `I' and the correct
spelling (e.g., `I\hbox'). Otherwise just continue,
and I'll forget about whatever was undefined.


! LaTeX Error: Missing \begin{document}.

See the LaTeX manual or LaTeX Companion for explanation.
Type  H <return>  for immediate help.
 ...                                              
                                                  
l.6 \section{A
            nforderungen}
You're in trouble here.  Try typing  <return>  to proceed.
If that doesn't work, type  X <return>  to quit.


Overfull \hbox (20.0pt too wide) in paragraph at lines 6--7
[]Anforderungen 
 []


! LaTeX Error: Missing \begin{document}.

See the LaTeX manual or LaTeX Companion for explanation.
Type  H <return>  for immediate help.
 ...                                              
                                                  
l.8 M
   it dem Anforderungsmanagement werden mögliche Features Defininiert. In d...
You're in trouble here.  Try typing  <return>  to proceed.
If that doesn't work, type  X <return>  to quit.

\citation{100Minuten}
luaotfload | db : Font names database loaded from C:/Users/Helge/AppData/Local/M
iKTeX/2.9/luatex-cache/generic/names/luaotfload-names.luc(save: C:/Users/Helge/A
ppData/Local/MiKTeX/2.9/luatex-cache/generic/fonts/otl/lmroman10-regular.lua)(sa
ve: C:/Users/Helge/AppData/Local/MiKTeX/2.9/luatex-cache/generic/fonts/otl/lmrom
an10-regular.luc)(save: C:/Users/Helge/AppData/Local/MiKTeX/2.9/luatex-cache/gen
eric/fonts/otl/lmroman10-bold.lua)(save: C:/Users/Helge/AppData/Local/MiKTeX/2.9
/luatex-cache/generic/fonts/otl/lmroman10-bold.luc)
! Undefined control sequence.
<write> ... Warning: Citation `\@citeb ' on page \thepage 
                                                  \space undefined\on@line .
l.8 ... die Software Festgehalten. \cite{100Minuten}
                                                   Es werden funktionale und...
The control sequence at the end of the top line
of your error message was never \def'ed. If you have
misspelled it (e.g., `\hobx'), type `I' and the correct
spelling (e.g., `I\hbox'). Otherwise just continue,
and I'll forget about whatever was undefined.


LaTeX Warning: Citation `100Minuten' on page  undefined on input line 8.


Overfull \hbox (20.0pt too wide) in paragraph at lines 8--9
[]Mit
 []


Overfull \hbox (5.43pt too wide) in paragraph at lines 8--9
[[]]
 []


! LaTeX Error: Missing \begin{document}.

See the LaTeX manual or LaTeX Companion for explanation.
Type  H <return>  for immediate help.
 ...                                              
                                                  
l.10 \begin{itemize}
                  
You're in trouble here.  Try typing  <return>  to proceed.
If that doesn't work, type  X <return>  to quit.


Overfull \hbox (20.0pt too wide) in paragraph at lines 10--10
[] 
 []


Overfull \hbox (20.0pt too wide) in paragraph at lines 32--33
[]Ist
 []

! Undefined control sequence.
l.36 \section
           {Scrum}
The control sequence at the end of the top line
of your error message was never \def'ed. If you have
misspelled it (e.g., `\hobx'), type `I' and the correct
spelling (e.g., `I\hbox'). Otherwise just continue,
and I'll forget about whatever was undefined.


Overfull \hbox (20.0pt too wide) in paragraph at lines 36--38
[]Scrum
 []

)
! Emergency stop.
<*> c2.tex
       
*** (job aborted, no legal \end found)



Here is how much of LuaTeX's memory you used:
 16 strings out of 494447
 100000,89155 words of node,token memory allocated 12845 words of node memory still in use:
   55 hlist, 1 disc, 15 local_par, 1 dir, 321 glue, 39 penalty, 1344 glyph, 57 a
ttribute, 35 glue_spec, 57 attribute_list, 1 write nodes
   avail lists: 2:2,4:59,5:11,7:8,8:1,10:58
 4273 multiletter control sequences out of 65536+200000
 16 fonts using 854983 bytes
 19i,2n,23p,459b,100s stack positions out of 5000i,500n,10000p,200000b,50000s
!  ==> Fatal error occurred, no output PDF file produced!
